<?xml version="1.0" encoding="UTF-8"?>
<!-- Generated by org.testng.reporters.JUnitXMLReporter -->
<testsuite hostname="IQA_Rahul-K" ignored="0" name="Test" tests="6" failures="0" timestamp="22 Jun 2020 11:52:31 GMT" time="14.277" errors="0">
  <testcase name="createUser" time="6.462" classname="reqresTest.CreateMultipleUsersTest"/>
  <testcase name="updateUser" time="3.554" classname="reqresTest.CreateMultipleUsersTest"/>
  <testcase name="deleteUser" time="1.002" classname="reqresTest.DeleteUser"/>
  <testcase name="createUserAndModifyRespose" time="1.244" classname="reqresTest.ModifyResponse"/>
  <testcase name="login" time="1.019" classname="reqresTest.RegisterUserAndLoginTest"/>
  <testcase name="registerUser" time="0.951" classname="reqresTest.RegisterUserAndLoginTest"/>
</testsuite> <!-- Test -->
