<?xml version="1.0" encoding="UTF-8"?>
<!-- Generated by org.testng.reporters.JUnitXMLReporter -->
<testsuite hostname="IQA_Rahul-K" ignored="0" name="Test" tests="10" failures="0" timestamp="03 Mar 2020 06:12:21 GMT" time="2.685" errors="0">
  <testcase name="launchBrawser" time="0.005" classname="REST.demo.SeleniumTes"/>
  <testcase name="test" time="0.0" classname="REST.demo.NewTest"/>
  <testcase name="API" time="0.001" classname="REST.demo.RestTest"/>
  <testcase name="BookTest" time="0.0" classname="basicAPI.AddBook_MultipleSet"/>
  <testcase name="addBookSet" time="1.943" classname="basicAPI.AddBook_MultipleSet"/>
  <testcase name="addBookSet" time="0.161" classname="basicAPI.AddBook_MultipleSet"/>
  <testcase name="addBookSet" time="0.18" classname="basicAPI.AddBook_MultipleSet"/>
  <testcase name="deleteBook" time="0.116" classname="basicAPI.AddBook_MultipleSet"/>
  <testcase name="deleteBook" time="0.122" classname="basicAPI.AddBook_MultipleSet"/>
  <testcase name="deleteBook" time="0.128" classname="basicAPI.AddBook_MultipleSet"/>
</testsuite> <!-- Test -->
