<?xml version="1.0" encoding="UTF-8"?>
<!-- Generated by org.testng.reporters.JUnitXMLReporter -->
<testsuite hostname="IQA_Rahul-K" ignored="0" name="Command line test" tests="7" failures="0" timestamp="03 Mar 2020 06:04:42 GMT" time="2.906" errors="0">
  <testcase name="BookTest" time="0.005" classname="basicAPI.AddBook_MultipleSet"/>
  <testcase name="addBookSet" time="2.112" classname="basicAPI.AddBook_MultipleSet"/>
  <testcase name="addBookSet" time="0.199" classname="basicAPI.AddBook_MultipleSet"/>
  <testcase name="addBookSet" time="0.162" classname="basicAPI.AddBook_MultipleSet"/>
  <testcase name="deleteBook" time="0.155" classname="basicAPI.AddBook_MultipleSet"/>
  <testcase name="deleteBook" time="0.137" classname="basicAPI.AddBook_MultipleSet"/>
  <testcase name="deleteBook" time="0.108" classname="basicAPI.AddBook_MultipleSet"/>
</testsuite> <!-- Command line test -->
